<?xml version="1.0" encoding="UTF-8"?>
<!-- Generated by org.testng.reporters.JUnitReportReporter -->
<testsuite hostname="LAPTOP-7TV1GHGH" failures="0" tests="6" name="testkhanacademy.TestTeachersCross" time="158.789" errors="0" timestamp="2022-12-15T14:48:53 IST" skipped="0">
  <testcase classname="testkhanacademy.TestTeachersCross" name="teachers" time="12.539"/>
  <system-out/>
  <testcase classname="testkhanacademy.TestTeachersCross" name="profile" time="46.351"/>
  <system-out/>
  <testcase classname="testkhanacademy.TestTeachersCross" name="progress" time="21.790"/>
  <system-out/>
  <testcase classname="testkhanacademy.TestTeachersCross" name="teachers" time="17.376"/>
  <system-out/>
  <testcase classname="testkhanacademy.TestTeachersCross" name="profile" time="39.848"/>
  <system-out/>
  <testcase classname="testkhanacademy.TestTeachersCross" name="progress" time="20.885"/>
  <system-out/>
</testsuite> <!-- testkhanacademy.TestTeachersCross -->
