<?xml version="1.0" encoding="UTF-8"?>
<!-- Generated by org.testng.reporters.JUnitReportReporter -->
<testsuite hostname="LAPTOP-7TV1GHGH" failures="0" tests="4" name="testkhanacademy.basic4" time="0.060" errors="0" timestamp="2022-11-23T20:14:28 IST" skipped="0">
  <testcase classname="testkhanacademy.basic4" name="test3" time="0.009"/>
  <system-out/>
  <testcase classname="testkhanacademy.basic4" name="test4" time="0.006"/>
  <system-out/>
  <testcase classname="testkhanacademy.basic4" name="test2" time="0.014"/>
  <system-out/>
  <testcase classname="testkhanacademy.basic4" name="test1" time="0.031"/>
  <system-out/>
</testsuite> <!-- testkhanacademy.basic4 -->
