<?xml version="1.0" encoding="UTF-8"?>
<!-- Generated by org.testng.reporters.JUnitReportReporter -->
<testsuite hostname="LAPTOP-7TV1GHGH" failures="0" tests="2" name="testkhanacademy.testNGbasicCheckin" time="0.009" errors="0" timestamp="2022-12-14T14:50:23 IST" skipped="0">
  <testcase classname="testkhanacademy.testNGbasicCheckin" name="test" time="0.004"/>
  <system-out/>
  <testcase classname="testkhanacademy.testNGbasicCheckin" name="test1" time="0.005"/>
  <system-out/>
</testsuite> <!-- testkhanacademy.testNGbasicCheckin -->
